<?xml version="1.0" encoding="UTF-8"?>
<testng-results ignored="0" total="1" passed="1" failed="0" skipped="0">
  <reporter-output>
  </reporter-output>
  <suite started-at="2024-01-15T18:16:17 IST" name="Default suite" finished-at="2024-01-15T18:17:08 IST" duration-ms="51510">
    <groups>
    </groups>
    <test started-at="2024-01-15T18:16:17 IST" name="Default test" finished-at="2024-01-15T18:17:08 IST" duration-ms="51510">
      <class name="first_test_project.TestCheckYelp">
        <test-method signature="testInputSearch()[pri:0, instance:first_test_project.TestCheckYelp@27aae97b]" started-at="2024-01-15T18:16:17 IST" name="testInputSearch" finished-at="2024-01-15T18:17:08 IST" duration-ms="51480" status="PASS">
          <reporter-output>
          </reporter-output>
        </test-method> <!-- testInputSearch -->
      </class> <!-- first_test_project.TestCheckYelp -->
    </test> <!-- Default test -->
  </suite> <!-- Default suite -->
</testng-results>
